The system is: Linux - 5.19.17 - x86_64
Compiling the C compiler identification source file "CMakeCCompilerId.c" succeeded.
Compiler: /usr/bin/cc 
Build flags: 
Id flags:  

The output was:
0


Compilation of the C compiler identification source "CMakeCCompilerId.c" produced "a.out"

The C compiler identification is GNU, found in "/home/theta/projects/Sunspots/build/CMakeFiles/3.25.1/CompilerIdC/a.out"

Compiling the CXX compiler identification source file "CMakeCXXCompilerId.cpp" succeeded.
Compiler: /usr/bin/c++ 
Build flags: 
Id flags:  

The output was:
0


Compilation of the CXX compiler identification source "CMakeCXXCompilerId.cpp" produced "a.out"

The CXX compiler identification is GNU, found in "/home/theta/projects/Sunspots/build/CMakeFiles/3.25.1/CompilerIdCXX/a.out"

Detecting C compiler ABI info compiled with the following output:
Change Dir: /home/theta/projects/Sunspots/build/CMakeFiles/CMakeScratch/TryCompile-7XnJWj

Run Build Command(s):/usr/bin/ninja cmTC_720ac && [1/2] Building C object CMakeFiles/cmTC_720ac.dir/CMakeCCompilerABI.c.o
Reading specs from /usr/lib64/gcc/x86_64-slackware-linux/12.2.0/specs
COLLECT_GCC=/usr/bin/cc
Target: x86_64-slackware-linux
Configured with: ../gcc-12.2.0/configure --prefix=/usr --libdir=/usr/lib64 --mandir=/usr/man --infodir=/usr/info --enable-shared --enable-bootstrap --enable-languages=ada,c,c++,d,fortran,go,lto,objc,obj-c++ --enable-threads=posix --enable-checking=release --enable-objc-gc --with-system-zlib --enable-libstdcxx-dual-abi --with-default-libstdcxx-abi=new --disable-libstdcxx-pch --disable-libunwind-exceptions --enable-__cxa_atexit --disable-libssp --enable-gnu-unique-object --enable-plugin --enable-lto --disable-install-libiberty --enable-gnu-indirect-function --with-linker-hash-style=gnu --with-gnu-ld --with-isl --verbose --with-arch-directory=amd64 --disable-gtktest --disable-werror --enable-clocale=gnu --enable-multilib --target=x86_64-slackware-linux --build=x86_64-slackware-linux --host=x86_64-slackware-linux
Thread model: posix
Supported LTO compression algorithms: zlib zstd
gcc version 12.2.0 (GCC) 
COLLECT_GCC_OPTIONS='-v' '-o' 'CMakeFiles/cmTC_720ac.dir/CMakeCCompilerABI.c.o' '-c' '-mtune=generic' '-march=x86-64' '-dumpdir' 'CMakeFiles/cmTC_720ac.dir/'
 /usr/libexec/gcc/x86_64-slackware-linux/12.2.0/cc1 -quiet -v /usr/share/cmake-3.25/Modules/CMakeCCompilerABI.c -quiet -dumpdir CMakeFiles/cmTC_720ac.dir/ -dumpbase CMakeCCompilerABI.c.c -dumpbase-ext .c -mtune=generic -march=x86-64 -version -o /tmp/ccdEj8d5.s
GNU C17 (GCC) version 12.2.0 (x86_64-slackware-linux)
	compiled by GNU C version 12.2.0, GMP version 6.2.1, MPFR version 4.1.0, MPC version 1.2.1, isl version isl-0.25-GMP

warning: MPFR header version 4.1.0 differs from library version 4.1.1.
warning: MPC header version 1.2.1 differs from library version 1.3.1.
GGC heuristics: --param ggc-min-expand=100 --param ggc-min-heapsize=131072
ignoring nonexistent directory "/usr/lib64/gcc/x86_64-slackware-linux/12.2.0/../../../../x86_64-slackware-linux/include"
#include "..." search starts here:
#include <...> search starts here:
 /usr/lib64/gcc/x86_64-slackware-linux/12.2.0/include
 /usr/local/include
 /usr/lib64/gcc/x86_64-slackware-linux/12.2.0/include-fixed
 /usr/include
End of search list.
GNU C17 (GCC) version 12.2.0 (x86_64-slackware-linux)
	compiled by GNU C version 12.2.0, GMP version 6.2.1, MPFR version 4.1.0, MPC version 1.2.1, isl version isl-0.25-GMP

warning: MPFR header version 4.1.0 differs from library version 4.1.1.
warning: MPC header version 1.2.1 differs from library version 1.3.1.
GGC heuristics: --param ggc-min-expand=100 --param ggc-min-heapsize=131072
Compiler executable checksum: 93a847bff1c19b269e690a70f610981f
COLLECT_GCC_OPTIONS='-v' '-o' 'CMakeFiles/cmTC_720ac.dir/CMakeCCompilerABI.c.o' '-c' '-mtune=generic' '-march=x86-64' '-dumpdir' 'CMakeFiles/cmTC_720ac.dir/'
 as -v --64 -o CMakeFiles/cmTC_720ac.dir/CMakeCCompilerABI.c.o /tmp/ccdEj8d5.s
GNU assembler version 2.39 (x86_64-slackware-linux) using BFD version version 2.39-slack151
COMPILER_PATH=/usr/libexec/gcc/x86_64-slackware-linux/12.2.0/:/usr/libexec/gcc/x86_64-slackware-linux/12.2.0/:/usr/libexec/gcc/x86_64-slackware-linux/:/usr/lib64/gcc/x86_64-slackware-linux/12.2.0/:/usr/lib64/gcc/x86_64-slackware-linux/:/usr/lib64/gcc/x86_64-slackware-linux/12.2.0/../../../../x86_64-slackware-linux/bin/
LIBRARY_PATH=/usr/lib64/gcc/x86_64-slackware-linux/12.2.0/:/usr/lib64/gcc/x86_64-slackware-linux/12.2.0/../../../../lib64/:/lib/../lib64/:/usr/lib/../lib64/:/usr/lib64/gcc/x86_64-slackware-linux/12.2.0/../../../:/lib/:/usr/lib/
COLLECT_GCC_OPTIONS='-v' '-o' 'CMakeFiles/cmTC_720ac.dir/CMakeCCompilerABI.c.o' '-c' '-mtune=generic' '-march=x86-64' '-dumpdir' 'CMakeFiles/cmTC_720ac.dir/CMakeCCompilerABI.c.'
[2/2] Linking C executable cmTC_720ac
Reading specs from /usr/lib64/gcc/x86_64-slackware-linux/12.2.0/specs
COLLECT_GCC=/usr/bin/cc
COLLECT_LTO_WRAPPER=/usr/libexec/gcc/x86_64-slackware-linux/12.2.0/lto-wrapper
Target: x86_64-slackware-linux
Configured with: ../gcc-12.2.0/configure --prefix=/usr --libdir=/usr/lib64 --mandir=/usr/man --infodir=/usr/info --enable-shared --enable-bootstrap --enable-languages=ada,c,c++,d,fortran,go,lto,objc,obj-c++ --enable-threads=posix --enable-checking=release --enable-objc-gc --with-system-zlib --enable-libstdcxx-dual-abi --with-default-libstdcxx-abi=new --disable-libstdcxx-pch --disable-libunwind-exceptions --enable-__cxa_atexit --disable-libssp --enable-gnu-unique-object --enable-plugin --enable-lto --disable-install-libiberty --enable-gnu-indirect-function --with-linker-hash-style=gnu --with-gnu-ld --with-isl --verbose --with-arch-directory=amd64 --disable-gtktest --disable-werror --enable-clocale=gnu --enable-multilib --target=x86_64-slackware-linux --build=x86_64-slackware-linux --host=x86_64-slackware-linux
Thread model: posix
Supported LTO compression algorithms: zlib zstd
gcc version 12.2.0 (GCC) 
COMPILER_PATH=/usr/libexec/gcc/x86_64-slackware-linux/12.2.0/:/usr/libexec/gcc/x86_64-slackware-linux/12.2.0/:/usr/libexec/gcc/x86_64-slackware-linux/:/usr/lib64/gcc/x86_64-slackware-linux/12.2.0/:/usr/lib64/gcc/x86_64-slackware-linux/:/usr/lib64/gcc/x86_64-slackware-linux/12.2.0/../../../../x86_64-slackware-linux/bin/
LIBRARY_PATH=/usr/lib64/gcc/x86_64-slackware-linux/12.2.0/:/usr/lib64/gcc/x86_64-slackware-linux/12.2.0/../../../../lib64/:/lib/../lib64/:/usr/lib/../lib64/:/usr/lib64/gcc/x86_64-slackware-linux/12.2.0/../../../:/lib/:/usr/lib/
COLLECT_GCC_OPTIONS='-v' '-rdynamic' '-o' 'cmTC_720ac' '-mtune=generic' '-march=x86-64' '-dumpdir' 'cmTC_720ac.'
 /usr/libexec/gcc/x86_64-slackware-linux/12.2.0/collect2 -plugin /usr/libexec/gcc/x86_64-slackware-linux/12.2.0/liblto_plugin.so -plugin-opt=/usr/libexec/gcc/x86_64-slackware-linux/12.2.0/lto-wrapper -plugin-opt=-fresolution=/tmp/cc6xN5fG.res -plugin-opt=-pass-through=-lgcc -plugin-opt=-pass-through=-lgcc_s -plugin-opt=-pass-through=-lc -plugin-opt=-pass-through=-lgcc -plugin-opt=-pass-through=-lgcc_s --eh-frame-hdr --hash-style=gnu -m elf_x86_64 -export-dynamic -dynamic-linker /lib64/ld-linux-x86-64.so.2 -o cmTC_720ac /usr/lib64/gcc/x86_64-slackware-linux/12.2.0/../../../../lib64/crt1.o /usr/lib64/gcc/x86_64-slackware-linux/12.2.0/../../../../lib64/crti.o /usr/lib64/gcc/x86_64-slackware-linux/12.2.0/crtbegin.o -L/usr/lib64/gcc/x86_64-slackware-linux/12.2.0 -L/usr/lib64/gcc/x86_64-slackware-linux/12.2.0/../../../../lib64 -L/lib/../lib64 -L/usr/lib/../lib64 -L/usr/lib64/gcc/x86_64-slackware-linux/12.2.0/../../.. CMakeFiles/cmTC_720ac.dir/CMakeCCompilerABI.c.o -lgcc --push-state --as-needed -lgcc_s --pop-state -lc -lgcc --push-state --as-needed -lgcc_s --pop-state /usr/lib64/gcc/x86_64-slackware-linux/12.2.0/crtend.o /usr/lib64/gcc/x86_64-slackware-linux/12.2.0/../../../../lib64/crtn.o
COLLECT_GCC_OPTIONS='-v' '-rdynamic' '-o' 'cmTC_720ac' '-mtune=generic' '-march=x86-64' '-dumpdir' 'cmTC_720ac.'



Parsed C implicit include dir info from above output: rv=done
  found start of include info
  found start of implicit include info
    add: [/usr/lib64/gcc/x86_64-slackware-linux/12.2.0/include]
    add: [/usr/local/include]
    add: [/usr/lib64/gcc/x86_64-slackware-linux/12.2.0/include-fixed]
    add: [/usr/include]
  end of search list found
  collapse include dir [/usr/lib64/gcc/x86_64-slackware-linux/12.2.0/include] ==> [/usr/lib64/gcc/x86_64-slackware-linux/12.2.0/include]
  collapse include dir [/usr/local/include] ==> [/usr/local/include]
  collapse include dir [/usr/lib64/gcc/x86_64-slackware-linux/12.2.0/include-fixed] ==> [/usr/lib64/gcc/x86_64-slackware-linux/12.2.0/include-fixed]
  collapse include dir [/usr/include] ==> [/usr/include]
  implicit include dirs: [/usr/lib64/gcc/x86_64-slackware-linux/12.2.0/include;/usr/local/include;/usr/lib64/gcc/x86_64-slackware-linux/12.2.0/include-fixed;/usr/include]


Parsed C implicit link information from above output:
  link line regex: [^( *|.*[/\])(ld|CMAKE_LINK_STARTFILE-NOTFOUND|([^/\]+-)?ld|collect2)[^/\]*( |$)]
  ignore line: [Change Dir: /home/theta/projects/Sunspots/build/CMakeFiles/CMakeScratch/TryCompile-7XnJWj]
  ignore line: []
  ignore line: [Run Build Command(s):/usr/bin/ninja cmTC_720ac && [1/2] Building C object CMakeFiles/cmTC_720ac.dir/CMakeCCompilerABI.c.o]
  ignore line: [Reading specs from /usr/lib64/gcc/x86_64-slackware-linux/12.2.0/specs]
  ignore line: [COLLECT_GCC=/usr/bin/cc]
  ignore line: [Target: x86_64-slackware-linux]
  ignore line: [Configured with: ../gcc-12.2.0/configure --prefix=/usr --libdir=/usr/lib64 --mandir=/usr/man --infodir=/usr/info --enable-shared --enable-bootstrap --enable-languages=ada,c,c++,d,fortran,go,lto,objc,obj-c++ --enable-threads=posix --enable-checking=release --enable-objc-gc --with-system-zlib --enable-libstdcxx-dual-abi --with-default-libstdcxx-abi=new --disable-libstdcxx-pch --disable-libunwind-exceptions --enable-__cxa_atexit --disable-libssp --enable-gnu-unique-object --enable-plugin --enable-lto --disable-install-libiberty --enable-gnu-indirect-function --with-linker-hash-style=gnu --with-gnu-ld --with-isl --verbose --with-arch-directory=amd64 --disable-gtktest --disable-werror --enable-clocale=gnu --enable-multilib --target=x86_64-slackware-linux --build=x86_64-slackware-linux --host=x86_64-slackware-linux]
  ignore line: [Thread model: posix]
  ignore line: [Supported LTO compression algorithms: zlib zstd]
  ignore line: [gcc version 12.2.0 (GCC) ]
  ignore line: [COLLECT_GCC_OPTIONS='-v' '-o' 'CMakeFiles/cmTC_720ac.dir/CMakeCCompilerABI.c.o' '-c' '-mtune=generic' '-march=x86-64' '-dumpdir' 'CMakeFiles/cmTC_720ac.dir/']
  ignore line: [ /usr/libexec/gcc/x86_64-slackware-linux/12.2.0/cc1 -quiet -v /usr/share/cmake-3.25/Modules/CMakeCCompilerABI.c -quiet -dumpdir CMakeFiles/cmTC_720ac.dir/ -dumpbase CMakeCCompilerABI.c.c -dumpbase-ext .c -mtune=generic -march=x86-64 -version -o /tmp/ccdEj8d5.s]
  ignore line: [GNU C17 (GCC) version 12.2.0 (x86_64-slackware-linux)]
  ignore line: [	compiled by GNU C version 12.2.0  GMP version 6.2.1  MPFR version 4.1.0  MPC version 1.2.1  isl version isl-0.25-GMP]
  ignore line: []
  ignore line: [warning: MPFR header version 4.1.0 differs from library version 4.1.1.]
  ignore line: [warning: MPC header version 1.2.1 differs from library version 1.3.1.]
  ignore line: [GGC heuristics: --param ggc-min-expand=100 --param ggc-min-heapsize=131072]
  ignore line: [ignoring nonexistent directory "/usr/lib64/gcc/x86_64-slackware-linux/12.2.0/../../../../x86_64-slackware-linux/include"]
  ignore line: [#include "..." search starts here:]
  ignore line: [#include <...> search starts here:]
  ignore line: [ /usr/lib64/gcc/x86_64-slackware-linux/12.2.0/include]
  ignore line: [ /usr/local/include]
  ignore line: [ /usr/lib64/gcc/x86_64-slackware-linux/12.2.0/include-fixed]
  ignore line: [ /usr/include]
  ignore line: [End of search list.]
  ignore line: [GNU C17 (GCC) version 12.2.0 (x86_64-slackware-linux)]
  ignore line: [	compiled by GNU C version 12.2.0  GMP version 6.2.1  MPFR version 4.1.0  MPC version 1.2.1  isl version isl-0.25-GMP]
  ignore line: []
  ignore line: [warning: MPFR header version 4.1.0 differs from library version 4.1.1.]
  ignore line: [warning: MPC header version 1.2.1 differs from library version 1.3.1.]
  ignore line: [GGC heuristics: --param ggc-min-expand=100 --param ggc-min-heapsize=131072]
  ignore line: [Compiler executable checksum: 93a847bff1c19b269e690a70f610981f]
  ignore line: [COLLECT_GCC_OPTIONS='-v' '-o' 'CMakeFiles/cmTC_720ac.dir/CMakeCCompilerABI.c.o' '-c' '-mtune=generic' '-march=x86-64' '-dumpdir' 'CMakeFiles/cmTC_720ac.dir/']
  ignore line: [ as -v --64 -o CMakeFiles/cmTC_720ac.dir/CMakeCCompilerABI.c.o /tmp/ccdEj8d5.s]
  ignore line: [GNU assembler version 2.39 (x86_64-slackware-linux) using BFD version version 2.39-slack151]
  ignore line: [COMPILER_PATH=/usr/libexec/gcc/x86_64-slackware-linux/12.2.0/:/usr/libexec/gcc/x86_64-slackware-linux/12.2.0/:/usr/libexec/gcc/x86_64-slackware-linux/:/usr/lib64/gcc/x86_64-slackware-linux/12.2.0/:/usr/lib64/gcc/x86_64-slackware-linux/:/usr/lib64/gcc/x86_64-slackware-linux/12.2.0/../../../../x86_64-slackware-linux/bin/]
  ignore line: [LIBRARY_PATH=/usr/lib64/gcc/x86_64-slackware-linux/12.2.0/:/usr/lib64/gcc/x86_64-slackware-linux/12.2.0/../../../../lib64/:/lib/../lib64/:/usr/lib/../lib64/:/usr/lib64/gcc/x86_64-slackware-linux/12.2.0/../../../:/lib/:/usr/lib/]
  ignore line: [COLLECT_GCC_OPTIONS='-v' '-o' 'CMakeFiles/cmTC_720ac.dir/CMakeCCompilerABI.c.o' '-c' '-mtune=generic' '-march=x86-64' '-dumpdir' 'CMakeFiles/cmTC_720ac.dir/CMakeCCompilerABI.c.']
  ignore line: [[2/2] Linking C executable cmTC_720ac]
  ignore line: [Reading specs from /usr/lib64/gcc/x86_64-slackware-linux/12.2.0/specs]
  ignore line: [COLLECT_GCC=/usr/bin/cc]
  ignore line: [COLLECT_LTO_WRAPPER=/usr/libexec/gcc/x86_64-slackware-linux/12.2.0/lto-wrapper]
  ignore line: [Target: x86_64-slackware-linux]
  ignore line: [Configured with: ../gcc-12.2.0/configure --prefix=/usr --libdir=/usr/lib64 --mandir=/usr/man --infodir=/usr/info --enable-shared --enable-bootstrap --enable-languages=ada,c,c++,d,fortran,go,lto,objc,obj-c++ --enable-threads=posix --enable-checking=release --enable-objc-gc --with-system-zlib --enable-libstdcxx-dual-abi --with-default-libstdcxx-abi=new --disable-libstdcxx-pch --disable-libunwind-exceptions --enable-__cxa_atexit --disable-libssp --enable-gnu-unique-object --enable-plugin --enable-lto --disable-install-libiberty --enable-gnu-indirect-function --with-linker-hash-style=gnu --with-gnu-ld --with-isl --verbose --with-arch-directory=amd64 --disable-gtktest --disable-werror --enable-clocale=gnu --enable-multilib --target=x86_64-slackware-linux --build=x86_64-slackware-linux --host=x86_64-slackware-linux]
  ignore line: [Thread model: posix]
  ignore line: [Supported LTO compression algorithms: zlib zstd]
  ignore line: [gcc version 12.2.0 (GCC) ]
  ignore line: [COMPILER_PATH=/usr/libexec/gcc/x86_64-slackware-linux/12.2.0/:/usr/libexec/gcc/x86_64-slackware-linux/12.2.0/:/usr/libexec/gcc/x86_64-slackware-linux/:/usr/lib64/gcc/x86_64-slackware-linux/12.2.0/:/usr/lib64/gcc/x86_64-slackware-linux/:/usr/lib64/gcc/x86_64-slackware-linux/12.2.0/../../../../x86_64-slackware-linux/bin/]
  ignore line: [LIBRARY_PATH=/usr/lib64/gcc/x86_64-slackware-linux/12.2.0/:/usr/lib64/gcc/x86_64-slackware-linux/12.2.0/../../../../lib64/:/lib/../lib64/:/usr/lib/../lib64/:/usr/lib64/gcc/x86_64-slackware-linux/12.2.0/../../../:/lib/:/usr/lib/]
  ignore line: [COLLECT_GCC_OPTIONS='-v' '-rdynamic' '-o' 'cmTC_720ac' '-mtune=generic' '-march=x86-64' '-dumpdir' 'cmTC_720ac.']
  link line: [ /usr/libexec/gcc/x86_64-slackware-linux/12.2.0/collect2 -plugin /usr/libexec/gcc/x86_64-slackware-linux/12.2.0/liblto_plugin.so -plugin-opt=/usr/libexec/gcc/x86_64-slackware-linux/12.2.0/lto-wrapper -plugin-opt=-fresolution=/tmp/cc6xN5fG.res -plugin-opt=-pass-through=-lgcc -plugin-opt=-pass-through=-lgcc_s -plugin-opt=-pass-through=-lc -plugin-opt=-pass-through=-lgcc -plugin-opt=-pass-through=-lgcc_s --eh-frame-hdr --hash-style=gnu -m elf_x86_64 -export-dynamic -dynamic-linker /lib64/ld-linux-x86-64.so.2 -o cmTC_720ac /usr/lib64/gcc/x86_64-slackware-linux/12.2.0/../../../../lib64/crt1.o /usr/lib64/gcc/x86_64-slackware-linux/12.2.0/../../../../lib64/crti.o /usr/lib64/gcc/x86_64-slackware-linux/12.2.0/crtbegin.o -L/usr/lib64/gcc/x86_64-slackware-linux/12.2.0 -L/usr/lib64/gcc/x86_64-slackware-linux/12.2.0/../../../../lib64 -L/lib/../lib64 -L/usr/lib/../lib64 -L/usr/lib64/gcc/x86_64-slackware-linux/12.2.0/../../.. CMakeFiles/cmTC_720ac.dir/CMakeCCompilerABI.c.o -lgcc --push-state --as-needed -lgcc_s --pop-state -lc -lgcc --push-state --as-needed -lgcc_s --pop-state /usr/lib64/gcc/x86_64-slackware-linux/12.2.0/crtend.o /usr/lib64/gcc/x86_64-slackware-linux/12.2.0/../../../../lib64/crtn.o]
    arg [/usr/libexec/gcc/x86_64-slackware-linux/12.2.0/collect2] ==> ignore
    arg [-plugin] ==> ignore
    arg [/usr/libexec/gcc/x86_64-slackware-linux/12.2.0/liblto_plugin.so] ==> ignore
    arg [-plugin-opt=/usr/libexec/gcc/x86_64-slackware-linux/12.2.0/lto-wrapper] ==> ignore
    arg [-plugin-opt=-fresolution=/tmp/cc6xN5fG.res] ==> ignore
    arg [-plugin-opt=-pass-through=-lgcc] ==> ignore
    arg [-plugin-opt=-pass-through=-lgcc_s] ==> ignore
    arg [-plugin-opt=-pass-through=-lc] ==> ignore
    arg [-plugin-opt=-pass-through=-lgcc] ==> ignore
    arg [-plugin-opt=-pass-through=-lgcc_s] ==> ignore
    arg [--eh-frame-hdr] ==> ignore
    arg [--hash-style=gnu] ==> ignore
    arg [-m] ==> ignore
    arg [elf_x86_64] ==> ignore
    arg [-export-dynamic] ==> ignore
    arg [-dynamic-linker] ==> ignore
    arg [/lib64/ld-linux-x86-64.so.2] ==> ignore
    arg [-o] ==> ignore
    arg [cmTC_720ac] ==> ignore
    arg [/usr/lib64/gcc/x86_64-slackware-linux/12.2.0/../../../../lib64/crt1.o] ==> obj [/usr/lib64/gcc/x86_64-slackware-linux/12.2.0/../../../../lib64/crt1.o]
    arg [/usr/lib64/gcc/x86_64-slackware-linux/12.2.0/../../../../lib64/crti.o] ==> obj [/usr/lib64/gcc/x86_64-slackware-linux/12.2.0/../../../../lib64/crti.o]
    arg [/usr/lib64/gcc/x86_64-slackware-linux/12.2.0/crtbegin.o] ==> obj [/usr/lib64/gcc/x86_64-slackware-linux/12.2.0/crtbegin.o]
    arg [-L/usr/lib64/gcc/x86_64-slackware-linux/12.2.0] ==> dir [/usr/lib64/gcc/x86_64-slackware-linux/12.2.0]
    arg [-L/usr/lib64/gcc/x86_64-slackware-linux/12.2.0/../../../../lib64] ==> dir [/usr/lib64/gcc/x86_64-slackware-linux/12.2.0/../../../../lib64]
    arg [-L/lib/../lib64] ==> dir [/lib/../lib64]
    arg [-L/usr/lib/../lib64] ==> dir [/usr/lib/../lib64]
    arg [-L/usr/lib64/gcc/x86_64-slackware-linux/12.2.0/../../..] ==> dir [/usr/lib64/gcc/x86_64-slackware-linux/12.2.0/../../..]
    arg [CMakeFiles/cmTC_720ac.dir/CMakeCCompilerABI.c.o] ==> ignore
    arg [-lgcc] ==> lib [gcc]
    arg [--push-state] ==> ignore
    arg [--as-needed] ==> ignore
    arg [-lgcc_s] ==> lib [gcc_s]
    arg [--pop-state] ==> ignore
    arg [-lc] ==> lib [c]
    arg [-lgcc] ==> lib [gcc]
    arg [--push-state] ==> ignore
    arg [--as-needed] ==> ignore
    arg [-lgcc_s] ==> lib [gcc_s]
    arg [--pop-state] ==> ignore
    arg [/usr/lib64/gcc/x86_64-slackware-linux/12.2.0/crtend.o] ==> obj [/usr/lib64/gcc/x86_64-slackware-linux/12.2.0/crtend.o]
    arg [/usr/lib64/gcc/x86_64-slackware-linux/12.2.0/../../../../lib64/crtn.o] ==> obj [/usr/lib64/gcc/x86_64-slackware-linux/12.2.0/../../../../lib64/crtn.o]
  collapse obj [/usr/lib64/gcc/x86_64-slackware-linux/12.2.0/../../../../lib64/crt1.o] ==> [/usr/lib64/crt1.o]
  collapse obj [/usr/lib64/gcc/x86_64-slackware-linux/12.2.0/../../../../lib64/crti.o] ==> [/usr/lib64/crti.o]
  collapse obj [/usr/lib64/gcc/x86_64-slackware-linux/12.2.0/../../../../lib64/crtn.o] ==> [/usr/lib64/crtn.o]
  collapse library dir [/usr/lib64/gcc/x86_64-slackware-linux/12.2.0] ==> [/usr/lib64/gcc/x86_64-slackware-linux/12.2.0]
  collapse library dir [/usr/lib64/gcc/x86_64-slackware-linux/12.2.0/../../../../lib64] ==> [/usr/lib64]
  collapse library dir [/lib/../lib64] ==> [/lib64]
  collapse library dir [/usr/lib/../lib64] ==> [/usr/lib64]
  collapse library dir [/usr/lib64/gcc/x86_64-slackware-linux/12.2.0/../../..] ==> [/usr/lib64]
  implicit libs: [gcc;gcc_s;c;gcc;gcc_s]
  implicit objs: [/usr/lib64/crt1.o;/usr/lib64/crti.o;/usr/lib64/gcc/x86_64-slackware-linux/12.2.0/crtbegin.o;/usr/lib64/gcc/x86_64-slackware-linux/12.2.0/crtend.o;/usr/lib64/crtn.o]
  implicit dirs: [/usr/lib64/gcc/x86_64-slackware-linux/12.2.0;/usr/lib64;/lib64]
  implicit fwks: []


Detecting CXX compiler ABI info compiled with the following output:
Change Dir: /home/theta/projects/Sunspots/build/CMakeFiles/CMakeScratch/TryCompile-hcqipb

Run Build Command(s):/usr/bin/ninja cmTC_c741a && [1/2] Building CXX object CMakeFiles/cmTC_c741a.dir/CMakeCXXCompilerABI.cpp.o
Reading specs from /usr/lib64/gcc/x86_64-slackware-linux/12.2.0/specs
COLLECT_GCC=/usr/bin/c++
Target: x86_64-slackware-linux
Configured with: ../gcc-12.2.0/configure --prefix=/usr --libdir=/usr/lib64 --mandir=/usr/man --infodir=/usr/info --enable-shared --enable-bootstrap --enable-languages=ada,c,c++,d,fortran,go,lto,objc,obj-c++ --enable-threads=posix --enable-checking=release --enable-objc-gc --with-system-zlib --enable-libstdcxx-dual-abi --with-default-libstdcxx-abi=new --disable-libstdcxx-pch --disable-libunwind-exceptions --enable-__cxa_atexit --disable-libssp --enable-gnu-unique-object --enable-plugin --enable-lto --disable-install-libiberty --enable-gnu-indirect-function --with-linker-hash-style=gnu --with-gnu-ld --with-isl --verbose --with-arch-directory=amd64 --disable-gtktest --disable-werror --enable-clocale=gnu --enable-multilib --target=x86_64-slackware-linux --build=x86_64-slackware-linux --host=x86_64-slackware-linux
Thread model: posix
Supported LTO compression algorithms: zlib zstd
gcc version 12.2.0 (GCC) 
COLLECT_GCC_OPTIONS='-v' '-o' 'CMakeFiles/cmTC_c741a.dir/CMakeCXXCompilerABI.cpp.o' '-c' '-shared-libgcc' '-mtune=generic' '-march=x86-64' '-dumpdir' 'CMakeFiles/cmTC_c741a.dir/'
 /usr/libexec/gcc/x86_64-slackware-linux/12.2.0/cc1plus -quiet -v -D_GNU_SOURCE /usr/share/cmake-3.25/Modules/CMakeCXXCompilerABI.cpp -quiet -dumpdir CMakeFiles/cmTC_c741a.dir/ -dumpbase CMakeCXXCompilerABI.cpp.cpp -dumpbase-ext .cpp -mtune=generic -march=x86-64 -version -o /tmp/ccfls1rj.s
GNU C++17 (GCC) version 12.2.0 (x86_64-slackware-linux)
	compiled by GNU C version 12.2.0, GMP version 6.2.1, MPFR version 4.1.0, MPC version 1.2.1, isl version isl-0.25-GMP

warning: MPFR header version 4.1.0 differs from library version 4.1.1.
warning: MPC header version 1.2.1 differs from library version 1.3.1.
GGC heuristics: --param ggc-min-expand=100 --param ggc-min-heapsize=131072
ignoring nonexistent directory "/usr/lib64/gcc/x86_64-slackware-linux/12.2.0/../../../../x86_64-slackware-linux/include"
#include "..." search starts here:
#include <...> search starts here:
 /mnt/research/software/include
 /usr/lib64/gcc/x86_64-slackware-linux/12.2.0/../../../../include/c++/12.2.0
 /usr/lib64/gcc/x86_64-slackware-linux/12.2.0/../../../../include/c++/12.2.0/x86_64-slackware-linux
 /usr/lib64/gcc/x86_64-slackware-linux/12.2.0/../../../../include/c++/12.2.0/backward
 /usr/lib64/gcc/x86_64-slackware-linux/12.2.0/include
 /usr/local/include
 /usr/lib64/gcc/x86_64-slackware-linux/12.2.0/include-fixed
 /usr/include
End of search list.
GNU C++17 (GCC) version 12.2.0 (x86_64-slackware-linux)
	compiled by GNU C version 12.2.0, GMP version 6.2.1, MPFR version 4.1.0, MPC version 1.2.1, isl version isl-0.25-GMP

warning: MPFR header version 4.1.0 differs from library version 4.1.1.
warning: MPC header version 1.2.1 differs from library version 1.3.1.
GGC heuristics: --param ggc-min-expand=100 --param ggc-min-heapsize=131072
Compiler executable checksum: c07f51597a42b2740689426099dcee7c
COLLECT_GCC_OPTIONS='-v' '-o' 'CMakeFiles/cmTC_c741a.dir/CMakeCXXCompilerABI.cpp.o' '-c' '-shared-libgcc' '-mtune=generic' '-march=x86-64' '-dumpdir' 'CMakeFiles/cmTC_c741a.dir/'
 as -v --64 -o CMakeFiles/cmTC_c741a.dir/CMakeCXXCompilerABI.cpp.o /tmp/ccfls1rj.s
GNU assembler version 2.39 (x86_64-slackware-linux) using BFD version version 2.39-slack151
COMPILER_PATH=/usr/libexec/gcc/x86_64-slackware-linux/12.2.0/:/usr/libexec/gcc/x86_64-slackware-linux/12.2.0/:/usr/libexec/gcc/x86_64-slackware-linux/:/usr/lib64/gcc/x86_64-slackware-linux/12.2.0/:/usr/lib64/gcc/x86_64-slackware-linux/:/usr/lib64/gcc/x86_64-slackware-linux/12.2.0/../../../../x86_64-slackware-linux/bin/
LIBRARY_PATH=/usr/lib64/gcc/x86_64-slackware-linux/12.2.0/:/usr/lib64/gcc/x86_64-slackware-linux/12.2.0/../../../../lib64/:/lib/../lib64/:/usr/lib/../lib64/:/usr/lib64/gcc/x86_64-slackware-linux/12.2.0/../../../:/lib/:/usr/lib/
COLLECT_GCC_OPTIONS='-v' '-o' 'CMakeFiles/cmTC_c741a.dir/CMakeCXXCompilerABI.cpp.o' '-c' '-shared-libgcc' '-mtune=generic' '-march=x86-64' '-dumpdir' 'CMakeFiles/cmTC_c741a.dir/CMakeCXXCompilerABI.cpp.'
[2/2] Linking CXX executable cmTC_c741a
Reading specs from /usr/lib64/gcc/x86_64-slackware-linux/12.2.0/specs
COLLECT_GCC=/usr/bin/c++
COLLECT_LTO_WRAPPER=/usr/libexec/gcc/x86_64-slackware-linux/12.2.0/lto-wrapper
Target: x86_64-slackware-linux
Configured with: ../gcc-12.2.0/configure --prefix=/usr --libdir=/usr/lib64 --mandir=/usr/man --infodir=/usr/info --enable-shared --enable-bootstrap --enable-languages=ada,c,c++,d,fortran,go,lto,objc,obj-c++ --enable-threads=posix --enable-checking=release --enable-objc-gc --with-system-zlib --enable-libstdcxx-dual-abi --with-default-libstdcxx-abi=new --disable-libstdcxx-pch --disable-libunwind-exceptions --enable-__cxa_atexit --disable-libssp --enable-gnu-unique-object --enable-plugin --enable-lto --disable-install-libiberty --enable-gnu-indirect-function --with-linker-hash-style=gnu --with-gnu-ld --with-isl --verbose --with-arch-directory=amd64 --disable-gtktest --disable-werror --enable-clocale=gnu --enable-multilib --target=x86_64-slackware-linux --build=x86_64-slackware-linux --host=x86_64-slackware-linux
Thread model: posix
Supported LTO compression algorithms: zlib zstd
gcc version 12.2.0 (GCC) 
COMPILER_PATH=/usr/libexec/gcc/x86_64-slackware-linux/12.2.0/:/usr/libexec/gcc/x86_64-slackware-linux/12.2.0/:/usr/libexec/gcc/x86_64-slackware-linux/:/usr/lib64/gcc/x86_64-slackware-linux/12.2.0/:/usr/lib64/gcc/x86_64-slackware-linux/:/usr/lib64/gcc/x86_64-slackware-linux/12.2.0/../../../../x86_64-slackware-linux/bin/
LIBRARY_PATH=/usr/lib64/gcc/x86_64-slackware-linux/12.2.0/:/usr/lib64/gcc/x86_64-slackware-linux/12.2.0/../../../../lib64/:/lib/../lib64/:/usr/lib/../lib64/:/usr/lib64/gcc/x86_64-slackware-linux/12.2.0/../../../:/lib/:/usr/lib/
COLLECT_GCC_OPTIONS='-v' '-rdynamic' '-o' 'cmTC_c741a' '-shared-libgcc' '-mtune=generic' '-march=x86-64' '-dumpdir' 'cmTC_c741a.'
 /usr/libexec/gcc/x86_64-slackware-linux/12.2.0/collect2 -plugin /usr/libexec/gcc/x86_64-slackware-linux/12.2.0/liblto_plugin.so -plugin-opt=/usr/libexec/gcc/x86_64-slackware-linux/12.2.0/lto-wrapper -plugin-opt=-fresolution=/tmp/ccKuD2Zx.res -plugin-opt=-pass-through=-lgcc_s -plugin-opt=-pass-through=-lgcc -plugin-opt=-pass-through=-lc -plugin-opt=-pass-through=-lgcc_s -plugin-opt=-pass-through=-lgcc --eh-frame-hdr --hash-style=gnu -m elf_x86_64 -export-dynamic -dynamic-linker /lib64/ld-linux-x86-64.so.2 -o cmTC_c741a /usr/lib64/gcc/x86_64-slackware-linux/12.2.0/../../../../lib64/crt1.o /usr/lib64/gcc/x86_64-slackware-linux/12.2.0/../../../../lib64/crti.o /usr/lib64/gcc/x86_64-slackware-linux/12.2.0/crtbegin.o -L/usr/lib64/gcc/x86_64-slackware-linux/12.2.0 -L/usr/lib64/gcc/x86_64-slackware-linux/12.2.0/../../../../lib64 -L/lib/../lib64 -L/usr/lib/../lib64 -L/usr/lib64/gcc/x86_64-slackware-linux/12.2.0/../../.. CMakeFiles/cmTC_c741a.dir/CMakeCXXCompilerABI.cpp.o -lstdc++ -lm -lgcc_s -lgcc -lc -lgcc_s -lgcc /usr/lib64/gcc/x86_64-slackware-linux/12.2.0/crtend.o /usr/lib64/gcc/x86_64-slackware-linux/12.2.0/../../../../lib64/crtn.o
COLLECT_GCC_OPTIONS='-v' '-rdynamic' '-o' 'cmTC_c741a' '-shared-libgcc' '-mtune=generic' '-march=x86-64' '-dumpdir' 'cmTC_c741a.'



Parsed CXX implicit include dir info from above output: rv=done
  found start of include info
  found start of implicit include info
    add: [/mnt/research/software/include]
    add: [/usr/lib64/gcc/x86_64-slackware-linux/12.2.0/../../../../include/c++/12.2.0]
    add: [/usr/lib64/gcc/x86_64-slackware-linux/12.2.0/../../../../include/c++/12.2.0/x86_64-slackware-linux]
    add: [/usr/lib64/gcc/x86_64-slackware-linux/12.2.0/../../../../include/c++/12.2.0/backward]
    add: [/usr/lib64/gcc/x86_64-slackware-linux/12.2.0/include]
    add: [/usr/local/include]
    add: [/usr/lib64/gcc/x86_64-slackware-linux/12.2.0/include-fixed]
    add: [/usr/include]
  end of search list found
  collapse include dir [/mnt/research/software/include] ==> [/mnt/research/software/include]
  collapse include dir [/usr/lib64/gcc/x86_64-slackware-linux/12.2.0/../../../../include/c++/12.2.0] ==> [/usr/include/c++/12.2.0]
  collapse include dir [/usr/lib64/gcc/x86_64-slackware-linux/12.2.0/../../../../include/c++/12.2.0/x86_64-slackware-linux] ==> [/usr/include/c++/12.2.0/x86_64-slackware-linux]
  collapse include dir [/usr/lib64/gcc/x86_64-slackware-linux/12.2.0/../../../../include/c++/12.2.0/backward] ==> [/usr/include/c++/12.2.0/backward]
  collapse include dir [/usr/lib64/gcc/x86_64-slackware-linux/12.2.0/include] ==> [/usr/lib64/gcc/x86_64-slackware-linux/12.2.0/include]
  collapse include dir [/usr/local/include] ==> [/usr/local/include]
  collapse include dir [/usr/lib64/gcc/x86_64-slackware-linux/12.2.0/include-fixed] ==> [/usr/lib64/gcc/x86_64-slackware-linux/12.2.0/include-fixed]
  collapse include dir [/usr/include] ==> [/usr/include]
  implicit include dirs: [/mnt/research/software/include;/usr/include/c++/12.2.0;/usr/include/c++/12.2.0/x86_64-slackware-linux;/usr/include/c++/12.2.0/backward;/usr/lib64/gcc/x86_64-slackware-linux/12.2.0/include;/usr/local/include;/usr/lib64/gcc/x86_64-slackware-linux/12.2.0/include-fixed;/usr/include]


Parsed CXX implicit link information from above output:
  link line regex: [^( *|.*[/\])(ld|CMAKE_LINK_STARTFILE-NOTFOUND|([^/\]+-)?ld|collect2)[^/\]*( |$)]
  ignore line: [Change Dir: /home/theta/projects/Sunspots/build/CMakeFiles/CMakeScratch/TryCompile-hcqipb]
  ignore line: []
  ignore line: [Run Build Command(s):/usr/bin/ninja cmTC_c741a && [1/2] Building CXX object CMakeFiles/cmTC_c741a.dir/CMakeCXXCompilerABI.cpp.o]
  ignore line: [Reading specs from /usr/lib64/gcc/x86_64-slackware-linux/12.2.0/specs]
  ignore line: [COLLECT_GCC=/usr/bin/c++]
  ignore line: [Target: x86_64-slackware-linux]
  ignore line: [Configured with: ../gcc-12.2.0/configure --prefix=/usr --libdir=/usr/lib64 --mandir=/usr/man --infodir=/usr/info --enable-shared --enable-bootstrap --enable-languages=ada,c,c++,d,fortran,go,lto,objc,obj-c++ --enable-threads=posix --enable-checking=release --enable-objc-gc --with-system-zlib --enable-libstdcxx-dual-abi --with-default-libstdcxx-abi=new --disable-libstdcxx-pch --disable-libunwind-exceptions --enable-__cxa_atexit --disable-libssp --enable-gnu-unique-object --enable-plugin --enable-lto --disable-install-libiberty --enable-gnu-indirect-function --with-linker-hash-style=gnu --with-gnu-ld --with-isl --verbose --with-arch-directory=amd64 --disable-gtktest --disable-werror --enable-clocale=gnu --enable-multilib --target=x86_64-slackware-linux --build=x86_64-slackware-linux --host=x86_64-slackware-linux]
  ignore line: [Thread model: posix]
  ignore line: [Supported LTO compression algorithms: zlib zstd]
  ignore line: [gcc version 12.2.0 (GCC) ]
  ignore line: [COLLECT_GCC_OPTIONS='-v' '-o' 'CMakeFiles/cmTC_c741a.dir/CMakeCXXCompilerABI.cpp.o' '-c' '-shared-libgcc' '-mtune=generic' '-march=x86-64' '-dumpdir' 'CMakeFiles/cmTC_c741a.dir/']
  ignore line: [ /usr/libexec/gcc/x86_64-slackware-linux/12.2.0/cc1plus -quiet -v -D_GNU_SOURCE /usr/share/cmake-3.25/Modules/CMakeCXXCompilerABI.cpp -quiet -dumpdir CMakeFiles/cmTC_c741a.dir/ -dumpbase CMakeCXXCompilerABI.cpp.cpp -dumpbase-ext .cpp -mtune=generic -march=x86-64 -version -o /tmp/ccfls1rj.s]
  ignore line: [GNU C++17 (GCC) version 12.2.0 (x86_64-slackware-linux)]
  ignore line: [	compiled by GNU C version 12.2.0  GMP version 6.2.1  MPFR version 4.1.0  MPC version 1.2.1  isl version isl-0.25-GMP]
  ignore line: []
  ignore line: [warning: MPFR header version 4.1.0 differs from library version 4.1.1.]
  ignore line: [warning: MPC header version 1.2.1 differs from library version 1.3.1.]
  ignore line: [GGC heuristics: --param ggc-min-expand=100 --param ggc-min-heapsize=131072]
  ignore line: [ignoring nonexistent directory "/usr/lib64/gcc/x86_64-slackware-linux/12.2.0/../../../../x86_64-slackware-linux/include"]
  ignore line: [#include "..." search starts here:]
  ignore line: [#include <...> search starts here:]
  ignore line: [ /mnt/research/software/include]
  ignore line: [ /usr/lib64/gcc/x86_64-slackware-linux/12.2.0/../../../../include/c++/12.2.0]
  ignore line: [ /usr/lib64/gcc/x86_64-slackware-linux/12.2.0/../../../../include/c++/12.2.0/x86_64-slackware-linux]
  ignore line: [ /usr/lib64/gcc/x86_64-slackware-linux/12.2.0/../../../../include/c++/12.2.0/backward]
  ignore line: [ /usr/lib64/gcc/x86_64-slackware-linux/12.2.0/include]
  ignore line: [ /usr/local/include]
  ignore line: [ /usr/lib64/gcc/x86_64-slackware-linux/12.2.0/include-fixed]
  ignore line: [ /usr/include]
  ignore line: [End of search list.]
  ignore line: [GNU C++17 (GCC) version 12.2.0 (x86_64-slackware-linux)]
  ignore line: [	compiled by GNU C version 12.2.0  GMP version 6.2.1  MPFR version 4.1.0  MPC version 1.2.1  isl version isl-0.25-GMP]
  ignore line: []
  ignore line: [warning: MPFR header version 4.1.0 differs from library version 4.1.1.]
  ignore line: [warning: MPC header version 1.2.1 differs from library version 1.3.1.]
  ignore line: [GGC heuristics: --param ggc-min-expand=100 --param ggc-min-heapsize=131072]
  ignore line: [Compiler executable checksum: c07f51597a42b2740689426099dcee7c]
  ignore line: [COLLECT_GCC_OPTIONS='-v' '-o' 'CMakeFiles/cmTC_c741a.dir/CMakeCXXCompilerABI.cpp.o' '-c' '-shared-libgcc' '-mtune=generic' '-march=x86-64' '-dumpdir' 'CMakeFiles/cmTC_c741a.dir/']
  ignore line: [ as -v --64 -o CMakeFiles/cmTC_c741a.dir/CMakeCXXCompilerABI.cpp.o /tmp/ccfls1rj.s]
  ignore line: [GNU assembler version 2.39 (x86_64-slackware-linux) using BFD version version 2.39-slack151]
  ignore line: [COMPILER_PATH=/usr/libexec/gcc/x86_64-slackware-linux/12.2.0/:/usr/libexec/gcc/x86_64-slackware-linux/12.2.0/:/usr/libexec/gcc/x86_64-slackware-linux/:/usr/lib64/gcc/x86_64-slackware-linux/12.2.0/:/usr/lib64/gcc/x86_64-slackware-linux/:/usr/lib64/gcc/x86_64-slackware-linux/12.2.0/../../../../x86_64-slackware-linux/bin/]
  ignore line: [LIBRARY_PATH=/usr/lib64/gcc/x86_64-slackware-linux/12.2.0/:/usr/lib64/gcc/x86_64-slackware-linux/12.2.0/../../../../lib64/:/lib/../lib64/:/usr/lib/../lib64/:/usr/lib64/gcc/x86_64-slackware-linux/12.2.0/../../../:/lib/:/usr/lib/]
  ignore line: [COLLECT_GCC_OPTIONS='-v' '-o' 'CMakeFiles/cmTC_c741a.dir/CMakeCXXCompilerABI.cpp.o' '-c' '-shared-libgcc' '-mtune=generic' '-march=x86-64' '-dumpdir' 'CMakeFiles/cmTC_c741a.dir/CMakeCXXCompilerABI.cpp.']
  ignore line: [[2/2] Linking CXX executable cmTC_c741a]
  ignore line: [Reading specs from /usr/lib64/gcc/x86_64-slackware-linux/12.2.0/specs]
  ignore line: [COLLECT_GCC=/usr/bin/c++]
  ignore line: [COLLECT_LTO_WRAPPER=/usr/libexec/gcc/x86_64-slackware-linux/12.2.0/lto-wrapper]
  ignore line: [Target: x86_64-slackware-linux]
  ignore line: [Configured with: ../gcc-12.2.0/configure --prefix=/usr --libdir=/usr/lib64 --mandir=/usr/man --infodir=/usr/info --enable-shared --enable-bootstrap --enable-languages=ada,c,c++,d,fortran,go,lto,objc,obj-c++ --enable-threads=posix --enable-checking=release --enable-objc-gc --with-system-zlib --enable-libstdcxx-dual-abi --with-default-libstdcxx-abi=new --disable-libstdcxx-pch --disable-libunwind-exceptions --enable-__cxa_atexit --disable-libssp --enable-gnu-unique-object --enable-plugin --enable-lto --disable-install-libiberty --enable-gnu-indirect-function --with-linker-hash-style=gnu --with-gnu-ld --with-isl --verbose --with-arch-directory=amd64 --disable-gtktest --disable-werror --enable-clocale=gnu --enable-multilib --target=x86_64-slackware-linux --build=x86_64-slackware-linux --host=x86_64-slackware-linux]
  ignore line: [Thread model: posix]
  ignore line: [Supported LTO compression algorithms: zlib zstd]
  ignore line: [gcc version 12.2.0 (GCC) ]
  ignore line: [COMPILER_PATH=/usr/libexec/gcc/x86_64-slackware-linux/12.2.0/:/usr/libexec/gcc/x86_64-slackware-linux/12.2.0/:/usr/libexec/gcc/x86_64-slackware-linux/:/usr/lib64/gcc/x86_64-slackware-linux/12.2.0/:/usr/lib64/gcc/x86_64-slackware-linux/:/usr/lib64/gcc/x86_64-slackware-linux/12.2.0/../../../../x86_64-slackware-linux/bin/]
  ignore line: [LIBRARY_PATH=/usr/lib64/gcc/x86_64-slackware-linux/12.2.0/:/usr/lib64/gcc/x86_64-slackware-linux/12.2.0/../../../../lib64/:/lib/../lib64/:/usr/lib/../lib64/:/usr/lib64/gcc/x86_64-slackware-linux/12.2.0/../../../:/lib/:/usr/lib/]
  ignore line: [COLLECT_GCC_OPTIONS='-v' '-rdynamic' '-o' 'cmTC_c741a' '-shared-libgcc' '-mtune=generic' '-march=x86-64' '-dumpdir' 'cmTC_c741a.']
  link line: [ /usr/libexec/gcc/x86_64-slackware-linux/12.2.0/collect2 -plugin /usr/libexec/gcc/x86_64-slackware-linux/12.2.0/liblto_plugin.so -plugin-opt=/usr/libexec/gcc/x86_64-slackware-linux/12.2.0/lto-wrapper -plugin-opt=-fresolution=/tmp/ccKuD2Zx.res -plugin-opt=-pass-through=-lgcc_s -plugin-opt=-pass-through=-lgcc -plugin-opt=-pass-through=-lc -plugin-opt=-pass-through=-lgcc_s -plugin-opt=-pass-through=-lgcc --eh-frame-hdr --hash-style=gnu -m elf_x86_64 -export-dynamic -dynamic-linker /lib64/ld-linux-x86-64.so.2 -o cmTC_c741a /usr/lib64/gcc/x86_64-slackware-linux/12.2.0/../../../../lib64/crt1.o /usr/lib64/gcc/x86_64-slackware-linux/12.2.0/../../../../lib64/crti.o /usr/lib64/gcc/x86_64-slackware-linux/12.2.0/crtbegin.o -L/usr/lib64/gcc/x86_64-slackware-linux/12.2.0 -L/usr/lib64/gcc/x86_64-slackware-linux/12.2.0/../../../../lib64 -L/lib/../lib64 -L/usr/lib/../lib64 -L/usr/lib64/gcc/x86_64-slackware-linux/12.2.0/../../.. CMakeFiles/cmTC_c741a.dir/CMakeCXXCompilerABI.cpp.o -lstdc++ -lm -lgcc_s -lgcc -lc -lgcc_s -lgcc /usr/lib64/gcc/x86_64-slackware-linux/12.2.0/crtend.o /usr/lib64/gcc/x86_64-slackware-linux/12.2.0/../../../../lib64/crtn.o]
    arg [/usr/libexec/gcc/x86_64-slackware-linux/12.2.0/collect2] ==> ignore
    arg [-plugin] ==> ignore
    arg [/usr/libexec/gcc/x86_64-slackware-linux/12.2.0/liblto_plugin.so] ==> ignore
    arg [-plugin-opt=/usr/libexec/gcc/x86_64-slackware-linux/12.2.0/lto-wrapper] ==> ignore
    arg [-plugin-opt=-fresolution=/tmp/ccKuD2Zx.res] ==> ignore
    arg [-plugin-opt=-pass-through=-lgcc_s] ==> ignore
    arg [-plugin-opt=-pass-through=-lgcc] ==> ignore
    arg [-plugin-opt=-pass-through=-lc] ==> ignore
    arg [-plugin-opt=-pass-through=-lgcc_s] ==> ignore
    arg [-plugin-opt=-pass-through=-lgcc] ==> ignore
    arg [--eh-frame-hdr] ==> ignore
    arg [--hash-style=gnu] ==> ignore
    arg [-m] ==> ignore
    arg [elf_x86_64] ==> ignore
    arg [-export-dynamic] ==> ignore
    arg [-dynamic-linker] ==> ignore
    arg [/lib64/ld-linux-x86-64.so.2] ==> ignore
    arg [-o] ==> ignore
    arg [cmTC_c741a] ==> ignore
    arg [/usr/lib64/gcc/x86_64-slackware-linux/12.2.0/../../../../lib64/crt1.o] ==> obj [/usr/lib64/gcc/x86_64-slackware-linux/12.2.0/../../../../lib64/crt1.o]
    arg [/usr/lib64/gcc/x86_64-slackware-linux/12.2.0/../../../../lib64/crti.o] ==> obj [/usr/lib64/gcc/x86_64-slackware-linux/12.2.0/../../../../lib64/crti.o]
    arg [/usr/lib64/gcc/x86_64-slackware-linux/12.2.0/crtbegin.o] ==> obj [/usr/lib64/gcc/x86_64-slackware-linux/12.2.0/crtbegin.o]
    arg [-L/usr/lib64/gcc/x86_64-slackware-linux/12.2.0] ==> dir [/usr/lib64/gcc/x86_64-slackware-linux/12.2.0]
    arg [-L/usr/lib64/gcc/x86_64-slackware-linux/12.2.0/../../../../lib64] ==> dir [/usr/lib64/gcc/x86_64-slackware-linux/12.2.0/../../../../lib64]
    arg [-L/lib/../lib64] ==> dir [/lib/../lib64]
    arg [-L/usr/lib/../lib64] ==> dir [/usr/lib/../lib64]
    arg [-L/usr/lib64/gcc/x86_64-slackware-linux/12.2.0/../../..] ==> dir [/usr/lib64/gcc/x86_64-slackware-linux/12.2.0/../../..]
    arg [CMakeFiles/cmTC_c741a.dir/CMakeCXXCompilerABI.cpp.o] ==> ignore
    arg [-lstdc++] ==> lib [stdc++]
    arg [-lm] ==> lib [m]
    arg [-lgcc_s] ==> lib [gcc_s]
    arg [-lgcc] ==> lib [gcc]
    arg [-lc] ==> lib [c]
    arg [-lgcc_s] ==> lib [gcc_s]
    arg [-lgcc] ==> lib [gcc]
    arg [/usr/lib64/gcc/x86_64-slackware-linux/12.2.0/crtend.o] ==> obj [/usr/lib64/gcc/x86_64-slackware-linux/12.2.0/crtend.o]
    arg [/usr/lib64/gcc/x86_64-slackware-linux/12.2.0/../../../../lib64/crtn.o] ==> obj [/usr/lib64/gcc/x86_64-slackware-linux/12.2.0/../../../../lib64/crtn.o]
  collapse obj [/usr/lib64/gcc/x86_64-slackware-linux/12.2.0/../../../../lib64/crt1.o] ==> [/usr/lib64/crt1.o]
  collapse obj [/usr/lib64/gcc/x86_64-slackware-linux/12.2.0/../../../../lib64/crti.o] ==> [/usr/lib64/crti.o]
  collapse obj [/usr/lib64/gcc/x86_64-slackware-linux/12.2.0/../../../../lib64/crtn.o] ==> [/usr/lib64/crtn.o]
  collapse library dir [/usr/lib64/gcc/x86_64-slackware-linux/12.2.0] ==> [/usr/lib64/gcc/x86_64-slackware-linux/12.2.0]
  collapse library dir [/usr/lib64/gcc/x86_64-slackware-linux/12.2.0/../../../../lib64] ==> [/usr/lib64]
  collapse library dir [/lib/../lib64] ==> [/lib64]
  collapse library dir [/usr/lib/../lib64] ==> [/usr/lib64]
  collapse library dir [/usr/lib64/gcc/x86_64-slackware-linux/12.2.0/../../..] ==> [/usr/lib64]
  implicit libs: [stdc++;m;gcc_s;gcc;c;gcc_s;gcc]
  implicit objs: [/usr/lib64/crt1.o;/usr/lib64/crti.o;/usr/lib64/gcc/x86_64-slackware-linux/12.2.0/crtbegin.o;/usr/lib64/gcc/x86_64-slackware-linux/12.2.0/crtend.o;/usr/lib64/crtn.o]
  implicit dirs: [/usr/lib64/gcc/x86_64-slackware-linux/12.2.0;/usr/lib64;/lib64]
  implicit fwks: []


